<?xml version="1.0" encoding="UTF-8"?>
<!-- Generated by org.testng.reporters.JUnitReportReporter -->
<testsuite hostname="TSI0267-sarathkumar" failures="0" tests="1" name="com.ycd.login.Login" time="9.317" errors="0" timestamp="2023-12-15T14:37:35 IST" skipped="0">
  <testcase classname="com.ycd.login.Login" name="login" time="9.317"/>
  <system-out/>
</testsuite> <!-- com.ycd.login.Login -->
